<?xml version="1.0" encoding="UTF-8"?>
<!-- Generated by org.testng.reporters.JUnitReportReporter -->
<testsuite hostname="DESKTOP-R1MABC5" failures="0" tests="4" name="api.tests.UserTests" time="10.116" errors="0" timestamp="2024-08-21T21:05:57 IST" skipped="0">
  <testcase classname="api.tests.UserTests" name="testPostUser" time="5.659"/>
  <testcase classname="api.tests.UserTests" name="testGetUser" time="1.168"/>
  <testcase classname="api.tests.UserTests" name="testUpdateUser" time="2.214"/>
  <testcase classname="api.tests.UserTests" name="deleteUser" time="1.075"/>
</testsuite> <!-- api.tests.UserTests -->
