<?xml version="1.0" encoding="UTF-8"?>
<!-- Generated by org.testng.reporters.JUnitReportReporter -->
<testsuite hostname="DESKTOP-R1MABC5" failures="0" tests="4" name="api.tests.UserTests2" time="7.886" errors="0" timestamp="2024-08-25T22:36:26 IST" skipped="0">
  <testcase classname="api.tests.UserTests2" name="testPostUser" time="3.388"/>
  <testcase classname="api.tests.UserTests2" name="testGetUser" time="1.125"/>
  <testcase classname="api.tests.UserTests2" name="testUpdateUser" time="2.264"/>
  <testcase classname="api.tests.UserTests2" name="deleteUser" time="1.109"/>
</testsuite> <!-- api.tests.UserTests2 -->
