<?xml version="1.0" encoding="UTF-8"?>
<!-- Generated by org.testng.reporters.JUnitReportReporter -->
<testsuite hostname="DESKTOP-R1MABC5" failures="0" tests="4" name="api.tests.UserTests2" time="7.982" errors="0" timestamp="2024-08-31T22:50:17 IST" skipped="0">
  <testcase classname="api.tests.UserTests2" name="testPostUser" time="3.439"/>
  <testcase classname="api.tests.UserTests2" name="testGetUser" time="1.179"/>
  <testcase classname="api.tests.UserTests2" name="testUpdateUser" time="2.200"/>
  <testcase classname="api.tests.UserTests2" name="deleteUser" time="1.164"/>
</testsuite> <!-- api.tests.UserTests2 -->
